<?xml version="1.0" encoding="UTF-8"?>
<!-- Generated by org.testng.reporters.JUnitReportReporter -->
<testsuite skipped="0" hostname="DESKTOP-O1CVA4B" name="enuygun1.deneme1" tests="1" failures="0" timestamp="2021-05-30T22:18:36 EET" time="31.927" errors="0">
  <testcase name="rezervasyon" time="31.927" classname="enuygun1.deneme1"/>
  <system-out/>
</testsuite> <!-- enuygun1.deneme1 -->
